+ ------------------------------------------------------
+ NL - RIPE
+ ------------------------------------------------------
+ NETNAME: ALTUSHOST-NET
+ DESCR: ALTUSHOST INC
+ COUNTRY: NL
+ ADDRESS: PO BOX 1106
+ ADDRESS: BELIZE CITY,BELIZE
+ ADDRESS: CENTRAL AMERICA
+ ------------------------------------------------------
+ US - ARIN
+ ------------------------------------------------------
+ NETNAME: GOOGLE-IPV6
+ ORGNAME: GOOGLE INC
+ ADDRESS: 1600 AMPHITHEATRE PARKWAY
+ CITY: MOUNTAIN VIEW
+ STATEPROV: CA
+ POSTALCODE: 94043
+ COUNTRY: US
+ ------------------------------------------------------
+ IN - APNIC
+ ------------------------------------------------------
+ NETNAME: YOUTELE
+ DESCR: YOU TELECOM INDIA PVT LTD
+ COUNTRY: IN
+ DESCR: YOU BROADBAND & CABLE INDIA LTD
+ ADDRESS: MILLENIUM ARCADE,2ND FLOOR
+ ADDRESS: ADAJAN-HAZIRA ROAD
+ ADDRESS: SURAT -395009,GUJARAT
+ ------------------------------------------------------
+ CA - ARIN
+ ------------------------------------------------------
+ NETNAME: METROBRIDGE-NET
+ ORGNAME: METROBRIDGE NETWORKS CORPORATION
+ ADDRESS: 918 - 1030 WEST GEORGIA STREET
+ CITY: VANCOUVER
+ STATEPROV: BC
+ POSTALCODE: V6E-2Y3
+ COUNTRY: CA
