# Logfile created on 2011-06-19 21:07:36 -0400 by logger.rb/25413
I, [2011-06-19T21:07:36.051026 #1168]  INFO -- : starting ... >>> 2011-06-19 21:07:36 -0400
I, [2011-06-19T21:08:02.305872 #3676]  INFO -- : starting ... >>> 2011-06-19 21:08:02 -0400
I, [2011-06-19T21:08:03.772274 #3676]  INFO -- : Record count is 4
I, [2011-06-19T21:08:03.772274 #3676]  INFO -- : ending ... >>> 2011-06-19 21:08:03 -0400
I, [2011-06-19T21:14:04.313707 #3816]  INFO -- : starting ... >>> 2011-06-19 21:14:04 -0400
I, [2011-06-19T21:14:10.335317 #3816]  INFO -- : Record count is 4
I, [2011-06-19T21:14:10.335317 #3816]  INFO -- : ending ... >>> 2011-06-19 21:14:10 -0400
I, [2011-06-19T21:36:31.696191 #3208]  INFO -- : Starting IP address test file ... >>> 2011-06-19 21:36:31 -0400
I, [2011-06-19T21:36:34.379396 #3208]  INFO -- : Record count is 4
I, [2011-06-19T21:36:34.379396 #3208]  INFO -- : Ending ... >>> 2011-06-19 21:36:34 -0400
I, [2011-06-19T22:43:07.127192 #2507]  INFO -- : Starting IP address test file ... >>> Sun Jun 19 22:43:07 -0400 2011
I, [2011-06-19T22:43:16.796865 #2507]  INFO -- : Record count is 10
I, [2011-06-19T22:43:16.797023 #2507]  INFO -- : Ending ... >>> Sun Jun 19 22:43:16 -0400 2011
I, [2011-06-19T22:55:59.322407 #2549]  INFO -- : Starting IP address test file ... >>> Sun Jun 19 22:55:59 -0400 2011
I, [2011-06-19T22:56:07.553043 #2549]  INFO -- : Record count is 10
I, [2011-06-19T22:56:07.553205 #2549]  INFO -- : Ending ... >>> Sun Jun 19 22:56:07 -0400 2011
I, [2011-06-19T22:57:05.825931 #2555]  INFO -- : Starting IP address test file ... >>> Sun Jun 19 22:57:05 -0400 2011
I, [2011-06-19T22:57:10.268695 #2555]  INFO -- : Record count is 4
I, [2011-06-19T22:57:10.268870 #2555]  INFO -- : Ending ... >>> Sun Jun 19 22:57:10 -0400 2011
